<?xml version="1.0" encoding="UTF-8"?>
<!-- Generated by org.testng.reporters.JUnitReportReporter -->
<testsuite hostname="Shesharm-VAIO" name="com.learning.general.BrowserName" tests="1" failures="0" timestamp="29 Apr 2015 17:56:24 GMT" time="9.524" errors="0">
  <testcase name="OpenBrowser" time="9.524" classname="com.learning.general.BrowserName"/>
</testsuite> <!-- com.learning.general.BrowserName -->
