<?xml version="1.0" encoding="UTF-8"?>
<!-- Generated by org.testng.reporters.JUnitReportReporter -->
<testsuite hostname="Shesharm-VAIO" name="com.learning.general.GmailDeleteMails" tests="1" failures="0" timestamp="30 Apr 2015 10:08:09 GMT" time="45.970" errors="0">
  <testcase name="OpenBrowser" time="45.970" classname="com.learning.general.GmailDeleteMails"/>
</testsuite> <!-- com.learning.general.GmailDeleteMails -->
