<?xml version="1.0" encoding="UTF-8"?>
<!-- Generated by org.testng.reporters.JUnitReportReporter -->
<testsuite hostname="Shesharm-VAIO" name="com.learning.general.GetCaptcha" tests="1" failures="0" timestamp="30 Apr 2015 03:13:43 GMT" time="0.078" errors="0">
  <testcase name="getValue" time="0.078" classname="com.learning.general.GetCaptcha"/>
</testsuite> <!-- com.learning.general.GetCaptcha -->
